2018-12-05 13:52:18.814 [info] <0.42.0> Application lager started on node nonode@nohost
2018-12-05 13:52:18.818 [info] <0.42.0> Application xmerl started on node nonode@nohost
2018-12-05 13:52:18.820 [info] <0.42.0> Application jsx started on node nonode@nohost
2018-12-05 13:52:18.823 [info] <0.42.0> Application ranch started on node nonode@nohost
2018-12-05 13:52:18.824 [info] <0.42.0> Application ranch_proxy_protocol started on node nonode@nohost
2018-12-05 13:52:18.825 [info] <0.42.0> Application recon started on node nonode@nohost
2018-12-05 13:52:18.825 [info] <0.42.0> Application rabbit_common started on node nonode@nohost
2018-12-05 13:52:18.831 [info] <0.42.0> Application amqp_client started on node nonode@nohost
2018-12-05 13:52:18.832 [info] <0.42.0> Application amqp started on node nonode@nohost
2018-12-05 13:52:18.833 [info] <0.42.0> Application redix started on node nonode@nohost
2018-12-05 13:52:18.842 [info] <0.42.0> Application jason started on node nonode@nohost
2018-12-05 13:52:18.844 [info] <0.42.0> Application file_system started on node nonode@nohost
2018-12-05 13:52:18.853 [info] <0.42.0> Application phoenix_live_reload started on node nonode@nohost
2018-12-05 13:52:18.854 [info] <0.42.0> Application phoenix_html started on node nonode@nohost
2018-12-05 13:52:18.856 [info] <0.42.0> Application cowlib started on node nonode@nohost
2018-12-05 13:52:18.858 [info] <0.42.0> Application cowboy started on node nonode@nohost
2018-12-05 13:52:18.859 [info] <0.42.0> Application plug_cowboy started on node nonode@nohost
2018-12-05 13:52:18.899 [warning] <0.313.0> Setting Ranch options together with socket options is deprecated. Please use the new map syntax that allows specifying socket options separately from other options.
2018-12-05 13:52:19.000 [warning] <0.256.0> lager_error_logger_h dropped 108 messages in the last second that exceeded the limit of 50 messages/sec
2018-12-05 13:53:00.371 [info] <0.42.0> Application lager started on node nonode@nohost
2018-12-05 13:53:00.375 [info] <0.42.0> Application xmerl started on node nonode@nohost
2018-12-05 13:53:00.376 [info] <0.42.0> Application jsx started on node nonode@nohost
2018-12-05 13:53:00.382 [info] <0.42.0> Application ranch started on node nonode@nohost
2018-12-05 13:53:00.383 [info] <0.42.0> Application ranch_proxy_protocol started on node nonode@nohost
2018-12-05 13:53:00.384 [info] <0.42.0> Application recon started on node nonode@nohost
2018-12-05 13:53:00.384 [info] <0.42.0> Application rabbit_common started on node nonode@nohost
2018-12-05 13:53:00.392 [info] <0.42.0> Application amqp_client started on node nonode@nohost
2018-12-05 13:53:00.392 [info] <0.42.0> Application amqp started on node nonode@nohost
2018-12-05 13:53:00.393 [info] <0.42.0> Application redix started on node nonode@nohost
2018-12-05 13:53:00.394 [info] <0.42.0> Application jason started on node nonode@nohost
2018-12-05 13:53:00.395 [info] <0.42.0> Application file_system started on node nonode@nohost
2018-12-05 13:53:00.400 [info] <0.42.0> Application phoenix_live_reload started on node nonode@nohost
2018-12-05 13:53:00.401 [info] <0.42.0> Application phoenix_html started on node nonode@nohost
2018-12-05 13:53:00.403 [info] <0.42.0> Application cowlib started on node nonode@nohost
2018-12-05 13:53:00.405 [info] <0.42.0> Application cowboy started on node nonode@nohost
2018-12-05 13:53:00.405 [info] <0.42.0> Application plug_cowboy started on node nonode@nohost
2018-12-05 13:53:00.447 [warning] <0.313.0> Setting Ranch options together with socket options is deprecated. Please use the new map syntax that allows specifying socket options separately from other options.
2018-12-05 13:53:01.000 [warning] <0.256.0> lager_error_logger_h dropped 108 messages in the last second that exceeded the limit of 50 messages/sec
